<?xml version="1.0" encoding="UTF-8"?>
<!-- Generated by org.testng.reporters.JUnitReportReporter -->
<testsuite hostname="LAPTOP-IV6TIGEO" failures="0" tests="1" name="Mpkg.DemoTProg" time="0.007" errors="0" timestamp="2023-08-11T11:59:31 IST" skipped="0">
  <testcase classname="Mpkg.DemoTProg" name="tc1" time="0.007"/>
</testsuite> <!-- Mpkg.DemoTProg -->
