<?xml version="1.0" encoding="UTF-8"?>
<!-- Generated by org.testng.reporters.JUnitReportReporter -->
<testsuite hostname="LAPTOP-IV6TIGEO" failures="0" tests="3" name="Mpkg.Mprog8" time="0.013" errors="0" timestamp="2023-08-11T21:25:14 IST" skipped="0">
  <testcase classname="Mpkg.Mprog8" name="tc2" time="0.010"/>
  <testcase classname="Mpkg.Mprog8" name="tc1" time="0.002"/>
  <testcase classname="Mpkg.Mprog8" name="tc3" time="0.001"/>
</testsuite> <!-- Mpkg.Mprog8 -->
